<?xml version="1.0" encoding="UTF-8"?>
<!-- Generated by org.testng.reporters.JUnitReportReporter -->
<testsuite hostname="LAPTOP-RT8DVNCG" name="InitialClinicalManagement.DiseaseSpecificSummary" tests="1" failures="0" timestamp="27 Apr 2022 08:14:51 GMT" time="87.807" errors="0">
  <testcase name="DiseaseSpecificSummary" time="87.807" classname="InitialClinicalManagement.DiseaseSpecificSummary"/>
</testsuite> <!-- InitialClinicalManagement.DiseaseSpecificSummary -->
