<?xml version="1.0" encoding="UTF-8"?>
<!-- Generated by org.testng.reporters.JUnitReportReporter -->
<testsuite hostname="LAPTOP-RT8DVNCG" name="InitialClinicalManagement.ConsentForPatient" tests="1" failures="0" timestamp="27 Apr 2022 06:21:37 GMT" time="85.193" errors="0">
  <testcase name="ConsentForPatient" time="85.193" classname="InitialClinicalManagement.ConsentForPatient"/>
</testsuite> <!-- InitialClinicalManagement.ConsentForPatient -->
