<?xml version="1.0" encoding="UTF-8"?>
<!-- Generated by org.testng.reporters.JUnitReportReporter -->
<testsuite hostname="LAPTOP-RT8DVNCG" name="PatientManagement.PatientReg" tests="1" failures="0" timestamp="27 Apr 2022 06:08:19 GMT" time="79.412" errors="0">
  <testcase name="PatientReg" time="79.412" classname="PatientManagement.PatientReg"/>
</testsuite> <!-- PatientManagement.PatientReg -->
