<?xml version="1.0" encoding="UTF-8"?>
<!-- Generated by org.testng.reporters.JUnitReportReporter -->
<testsuite hostname="LAPTOP-RT8DVNCG" name="InitialClinicalManagement.ClinicalCoarseNew" tests="1" failures="0" timestamp="27 Apr 2022 06:10:35 GMT" time="65.729" errors="0">
  <testcase name="ClinicalCoarseNew" time="65.729" classname="InitialClinicalManagement.ClinicalCoarseNew"/>
</testsuite> <!-- InitialClinicalManagement.ClinicalCoarseNew -->
